<?xml version="1.0" encoding="UTF-8"?>
<testng-results ignored="0" total="10" passed="5" failed="0" skipped="5">
  <reporter-output>
  </reporter-output>
  <suite started-at="2023-10-13T08:24:26 IST" name="Suite" finished-at="2023-10-13T08:25:46 IST" duration-ms="80226">
    <groups>
    </groups>
    <test started-at="2023-10-13T08:24:26 IST" name="ChromeTest" finished-at="2023-10-13T08:24:37 IST" duration-ms="10984">
      <class name="TestClassPakage.TestClassForForgotPassword">
        <test-method is-config="true" signature="luanchbrowser(java.lang.String)[pri:0, instance:TestClassPakage.TestClassForForgotPassword@293a5bf6]" started-at="2023-10-13T08:24:37 IST" name="luanchbrowser" finished-at="1970-01-01T05:30:00 IST" duration-ms="-1697165677042" status="SKIP">
          <reporter-output>
          </reporter-output>
        </test-method> <!-- luanchbrowser -->
        <test-method is-config="true" signature="luanchbrowser()[pri:0, instance:TestClassPakage.TestClassForForgotPassword@293a5bf6]" started-at="2023-10-13T08:24:37 IST" name="luanchbrowser" finished-at="1970-01-01T05:30:00 IST" duration-ms="-1697165677098" status="SKIP">
          <reporter-output>
          </reporter-output>
        </test-method> <!-- luanchbrowser -->
        <test-method is-config="true" signature="openLoginPage()[pri:0, instance:TestClassPakage.TestClassForForgotPassword@293a5bf6]" started-at="2023-10-13T08:24:37 IST" name="openLoginPage" finished-at="1970-01-01T05:30:00 IST" duration-ms="-1697165677121" status="SKIP">
          <reporter-output>
          </reporter-output>
        </test-method> <!-- openLoginPage -->
        <test-method signature="verifyLoginCredentials()[pri:0, instance:TestClassPakage.TestClassForForgotPassword@293a5bf6]" started-at="2023-10-13T08:24:37 IST" name="verifyLoginCredentials" finished-at="2023-10-13T08:24:37 IST" duration-ms="0" status="SKIP">
          <exception class="org.openqa.selenium.SessionNotCreatedException">
            <message>
              <![CDATA[Could not start a new session. Response code 500. Message: session not created: This version of ChromeDriver only supports Chrome version 116
Current browser version is 118.0.5993.70 with binary path C:\Program Files\Google\Chrome\Application\chrome.exe 
Host info: host: 'DESKTOP-55026OI', ip: '192.168.1.8'
Build info: version: '4.10.0', revision: 'c14d967899'
System info: os.name: 'Windows 10', os.arch: 'amd64', os.version: '10.0', java.version: '20.0.1'
Driver info: org.openqa.selenium.chrome.ChromeDriver
Command: [null, newSession {capabilities=[Capabilities {browserName: chrome, goog:chromeOptions: {args: [--remote-allow-origins=*, --disable-notifications], extensions: []}}]}]]]>
            </message>
            <full-stacktrace>
              <![CDATA[org.openqa.selenium.SessionNotCreatedException: Could not start a new session. Response code 500. Message: session not created: This version of ChromeDriver only supports Chrome version 116
Current browser version is 118.0.5993.70 with binary path C:\Program Files\Google\Chrome\Application\chrome.exe 
Host info: host: 'DESKTOP-55026OI', ip: '192.168.1.8'
Build info: version: '4.10.0', revision: 'c14d967899'
System info: os.name: 'Windows 10', os.arch: 'amd64', os.version: '10.0', java.version: '20.0.1'
Driver info: org.openqa.selenium.chrome.ChromeDriver
Command: [null, newSession {capabilities=[Capabilities {browserName: chrome, goog:chromeOptions: {args: [--remote-allow-origins=*, --disable-notifications], extensions: []}}]}]
at org.openqa.selenium.remote.ProtocolHandshake.createSession(ProtocolHandshake.java:140)
at org.openqa.selenium.remote.ProtocolHandshake.createSession(ProtocolHandshake.java:96)
at org.openqa.selenium.remote.ProtocolHandshake.createSession(ProtocolHandshake.java:68)
at org.openqa.selenium.remote.HttpCommandExecutor.execute(HttpCommandExecutor.java:163)
at org.openqa.selenium.remote.service.DriverCommandExecutor.invokeExecute(DriverCommandExecutor.java:196)
at org.openqa.selenium.remote.service.DriverCommandExecutor.execute(DriverCommandExecutor.java:171)
at org.openqa.selenium.remote.RemoteWebDriver.execute(RemoteWebDriver.java:531)
at org.openqa.selenium.remote.RemoteWebDriver.startSession(RemoteWebDriver.java:227)
at org.openqa.selenium.remote.RemoteWebDriver.<init>(RemoteWebDriver.java:154)
at org.openqa.selenium.chromium.ChromiumDriver.<init>(ChromiumDriver.java:107)
at org.openqa.selenium.chrome.ChromeDriver.<init>(ChromeDriver.java:87)
at org.openqa.selenium.chrome.ChromeDriver.<init>(ChromeDriver.java:82)
at org.openqa.selenium.chrome.ChromeDriver.<init>(ChromeDriver.java:71)
at Base.Browser.launchChrome(Browser.java:17)
at TestClassPakage.TestClassForFacebookLogin.luanchbrowser(TestClassForFacebookLogin.java:42)
at java.base/jdk.internal.reflect.DirectMethodHandleAccessor.invoke(DirectMethodHandleAccessor.java:104)
at java.base/java.lang.reflect.Method.invoke(Method.java:578)
at org.testng.internal.MethodInvocationHelper.invokeMethod(MethodInvocationHelper.java:133)
at org.testng.internal.MethodInvocationHelper.invokeMethodConsideringTimeout(MethodInvocationHelper.java:62)
at org.testng.internal.ConfigInvoker.invokeConfigurationMethod(ConfigInvoker.java:385)
at org.testng.internal.ConfigInvoker.invokeConfigurations(ConfigInvoker.java:321)
at org.testng.TestRunner.invokeTestConfigurations(TestRunner.java:637)
at org.testng.TestRunner.beforeRun(TestRunner.java:627)
at org.testng.TestRunner.run(TestRunner.java:589)
at org.testng.SuiteRunner.runTest(SuiteRunner.java:377)
at org.testng.SuiteRunner.access$000(SuiteRunner.java:28)
at org.testng.SuiteRunner$SuiteWorker.run(SuiteRunner.java:418)
at org.testng.internal.thread.ThreadUtil.lambda$execute$0(ThreadUtil.java:64)
at java.base/java.util.concurrent.FutureTask.run(FutureTask.java:317)
at java.base/java.util.concurrent.ThreadPoolExecutor.runWorker(ThreadPoolExecutor.java:1144)
at java.base/java.util.concurrent.ThreadPoolExecutor$Worker.run(ThreadPoolExecutor.java:642)
at java.base/java.lang.Thread.run(Thread.java:1623)
]]>
            </full-stacktrace>
          </exception> <!-- org.openqa.selenium.SessionNotCreatedException -->
          <reporter-output>
          </reporter-output>
        </test-method> <!-- verifyLoginCredentials -->
        <test-method is-config="true" signature="logout(org.testng.ITestResult)[pri:0, instance:TestClassPakage.TestClassForForgotPassword@293a5bf6]" started-at="2023-10-13T08:24:37 IST" name="logout" finished-at="1970-01-01T05:30:00 IST" duration-ms="-1697165677159" status="SKIP">
          <reporter-output>
          </reporter-output>
        </test-method> <!-- logout -->
        <test-method is-config="true" signature="closebrowser()[pri:0, instance:TestClassPakage.TestClassForForgotPassword@293a5bf6]" started-at="2023-10-13T08:24:37 IST" name="closebrowser" finished-at="1970-01-01T05:30:00 IST" duration-ms="-1697165677167" status="SKIP">
          <reporter-output>
          </reporter-output>
        </test-method> <!-- closebrowser -->
      </class> <!-- TestClassPakage.TestClassForForgotPassword -->
      <class name="TestClassPakage.TestClassForSignUp">
        <test-method is-config="true" signature="luanchbrowser(java.lang.String)[pri:0, instance:TestClassPakage.TestClassForSignUp@6aeb35e6]" started-at="2023-10-13T08:24:37 IST" name="luanchbrowser" finished-at="1970-01-01T05:30:00 IST" duration-ms="-1697165677050" status="SKIP">
          <reporter-output>
          </reporter-output>
        </test-method> <!-- luanchbrowser -->
        <test-method is-config="true" signature="luanchbrowser()[pri:0, instance:TestClassPakage.TestClassForSignUp@6aeb35e6]" started-at="2023-10-13T08:24:37 IST" name="luanchbrowser" finished-at="1970-01-01T05:30:00 IST" duration-ms="-1697165677098" status="SKIP">
          <reporter-output>
          </reporter-output>
        </test-method> <!-- luanchbrowser -->
        <test-method is-config="true" signature="openLoginPage()[pri:0, instance:TestClassPakage.TestClassForSignUp@6aeb35e6]" started-at="2023-10-13T08:24:37 IST" name="openLoginPage" finished-at="1970-01-01T05:30:00 IST" duration-ms="-1697165677121" status="SKIP">
          <reporter-output>
          </reporter-output>
        </test-method> <!-- openLoginPage -->
        <test-method signature="verifyLoginCredentials()[pri:1, instance:TestClassPakage.TestClassForSignUp@6aeb35e6]" started-at="2023-10-13T08:24:37 IST" name="verifyLoginCredentials" finished-at="2023-10-13T08:24:37 IST" duration-ms="0" status="SKIP">
          <exception class="org.openqa.selenium.SessionNotCreatedException">
            <message>
              <![CDATA[Could not start a new session. Response code 500. Message: session not created: This version of ChromeDriver only supports Chrome version 116
Current browser version is 118.0.5993.70 with binary path C:\Program Files\Google\Chrome\Application\chrome.exe 
Host info: host: 'DESKTOP-55026OI', ip: '192.168.1.8'
Build info: version: '4.10.0', revision: 'c14d967899'
System info: os.name: 'Windows 10', os.arch: 'amd64', os.version: '10.0', java.version: '20.0.1'
Driver info: org.openqa.selenium.chrome.ChromeDriver
Command: [null, newSession {capabilities=[Capabilities {browserName: chrome, goog:chromeOptions: {args: [--remote-allow-origins=*, --disable-notifications], extensions: []}}]}]]]>
            </message>
            <full-stacktrace>
              <![CDATA[org.openqa.selenium.SessionNotCreatedException: Could not start a new session. Response code 500. Message: session not created: This version of ChromeDriver only supports Chrome version 116
Current browser version is 118.0.5993.70 with binary path C:\Program Files\Google\Chrome\Application\chrome.exe 
Host info: host: 'DESKTOP-55026OI', ip: '192.168.1.8'
Build info: version: '4.10.0', revision: 'c14d967899'
System info: os.name: 'Windows 10', os.arch: 'amd64', os.version: '10.0', java.version: '20.0.1'
Driver info: org.openqa.selenium.chrome.ChromeDriver
Command: [null, newSession {capabilities=[Capabilities {browserName: chrome, goog:chromeOptions: {args: [--remote-allow-origins=*, --disable-notifications], extensions: []}}]}]
at org.openqa.selenium.remote.ProtocolHandshake.createSession(ProtocolHandshake.java:140)
at org.openqa.selenium.remote.ProtocolHandshake.createSession(ProtocolHandshake.java:96)
at org.openqa.selenium.remote.ProtocolHandshake.createSession(ProtocolHandshake.java:68)
at org.openqa.selenium.remote.HttpCommandExecutor.execute(HttpCommandExecutor.java:163)
at org.openqa.selenium.remote.service.DriverCommandExecutor.invokeExecute(DriverCommandExecutor.java:196)
at org.openqa.selenium.remote.service.DriverCommandExecutor.execute(DriverCommandExecutor.java:171)
at org.openqa.selenium.remote.RemoteWebDriver.execute(RemoteWebDriver.java:531)
at org.openqa.selenium.remote.RemoteWebDriver.startSession(RemoteWebDriver.java:227)
at org.openqa.selenium.remote.RemoteWebDriver.<init>(RemoteWebDriver.java:154)
at org.openqa.selenium.chromium.ChromiumDriver.<init>(ChromiumDriver.java:107)
at org.openqa.selenium.chrome.ChromeDriver.<init>(ChromeDriver.java:87)
at org.openqa.selenium.chrome.ChromeDriver.<init>(ChromeDriver.java:82)
at org.openqa.selenium.chrome.ChromeDriver.<init>(ChromeDriver.java:71)
at Base.Browser.launchChrome(Browser.java:17)
at TestClassPakage.TestClassForFacebookLogin.luanchbrowser(TestClassForFacebookLogin.java:42)
at java.base/jdk.internal.reflect.DirectMethodHandleAccessor.invoke(DirectMethodHandleAccessor.java:104)
at java.base/java.lang.reflect.Method.invoke(Method.java:578)
at org.testng.internal.MethodInvocationHelper.invokeMethod(MethodInvocationHelper.java:133)
at org.testng.internal.MethodInvocationHelper.invokeMethodConsideringTimeout(MethodInvocationHelper.java:62)
at org.testng.internal.ConfigInvoker.invokeConfigurationMethod(ConfigInvoker.java:385)
at org.testng.internal.ConfigInvoker.invokeConfigurations(ConfigInvoker.java:321)
at org.testng.TestRunner.invokeTestConfigurations(TestRunner.java:637)
at org.testng.TestRunner.beforeRun(TestRunner.java:627)
at org.testng.TestRunner.run(TestRunner.java:589)
at org.testng.SuiteRunner.runTest(SuiteRunner.java:377)
at org.testng.SuiteRunner.access$000(SuiteRunner.java:28)
at org.testng.SuiteRunner$SuiteWorker.run(SuiteRunner.java:418)
at org.testng.internal.thread.ThreadUtil.lambda$execute$0(ThreadUtil.java:64)
at java.base/java.util.concurrent.FutureTask.run(FutureTask.java:317)
at java.base/java.util.concurrent.ThreadPoolExecutor.runWorker(ThreadPoolExecutor.java:1144)
at java.base/java.util.concurrent.ThreadPoolExecutor$Worker.run(ThreadPoolExecutor.java:642)
at java.base/java.lang.Thread.run(Thread.java:1623)
]]>
            </full-stacktrace>
          </exception> <!-- org.openqa.selenium.SessionNotCreatedException -->
          <reporter-output>
          </reporter-output>
        </test-method> <!-- verifyLoginCredentials -->
        <test-method is-config="true" signature="logout(org.testng.ITestResult)[pri:0, instance:TestClassPakage.TestClassForSignUp@6aeb35e6]" started-at="2023-10-13T08:24:37 IST" name="logout" finished-at="1970-01-01T05:30:00 IST" duration-ms="-1697165677157" status="SKIP">
          <reporter-output>
          </reporter-output>
        </test-method> <!-- logout -->
        <test-method is-config="true" signature="openLoginPage()[pri:0, instance:TestClassPakage.TestClassForSignUp@6aeb35e6]" started-at="2023-10-13T08:24:37 IST" name="openLoginPage" finished-at="1970-01-01T05:30:00 IST" duration-ms="-1697165677161" status="SKIP">
          <reporter-output>
          </reporter-output>
        </test-method> <!-- openLoginPage -->
        <test-method signature="verifyLoginCredentials2()[pri:1, instance:TestClassPakage.TestClassForSignUp@6aeb35e6]" started-at="2023-10-13T08:24:37 IST" name="verifyLoginCredentials2" finished-at="2023-10-13T08:24:37 IST" duration-ms="0" status="SKIP">
          <exception class="org.openqa.selenium.SessionNotCreatedException">
            <message>
              <![CDATA[Could not start a new session. Response code 500. Message: session not created: This version of ChromeDriver only supports Chrome version 116
Current browser version is 118.0.5993.70 with binary path C:\Program Files\Google\Chrome\Application\chrome.exe 
Host info: host: 'DESKTOP-55026OI', ip: '192.168.1.8'
Build info: version: '4.10.0', revision: 'c14d967899'
System info: os.name: 'Windows 10', os.arch: 'amd64', os.version: '10.0', java.version: '20.0.1'
Driver info: org.openqa.selenium.chrome.ChromeDriver
Command: [null, newSession {capabilities=[Capabilities {browserName: chrome, goog:chromeOptions: {args: [--remote-allow-origins=*, --disable-notifications], extensions: []}}]}]]]>
            </message>
            <full-stacktrace>
              <![CDATA[org.openqa.selenium.SessionNotCreatedException: Could not start a new session. Response code 500. Message: session not created: This version of ChromeDriver only supports Chrome version 116
Current browser version is 118.0.5993.70 with binary path C:\Program Files\Google\Chrome\Application\chrome.exe 
Host info: host: 'DESKTOP-55026OI', ip: '192.168.1.8'
Build info: version: '4.10.0', revision: 'c14d967899'
System info: os.name: 'Windows 10', os.arch: 'amd64', os.version: '10.0', java.version: '20.0.1'
Driver info: org.openqa.selenium.chrome.ChromeDriver
Command: [null, newSession {capabilities=[Capabilities {browserName: chrome, goog:chromeOptions: {args: [--remote-allow-origins=*, --disable-notifications], extensions: []}}]}]
at org.openqa.selenium.remote.ProtocolHandshake.createSession(ProtocolHandshake.java:140)
at org.openqa.selenium.remote.ProtocolHandshake.createSession(ProtocolHandshake.java:96)
at org.openqa.selenium.remote.ProtocolHandshake.createSession(ProtocolHandshake.java:68)
at org.openqa.selenium.remote.HttpCommandExecutor.execute(HttpCommandExecutor.java:163)
at org.openqa.selenium.remote.service.DriverCommandExecutor.invokeExecute(DriverCommandExecutor.java:196)
at org.openqa.selenium.remote.service.DriverCommandExecutor.execute(DriverCommandExecutor.java:171)
at org.openqa.selenium.remote.RemoteWebDriver.execute(RemoteWebDriver.java:531)
at org.openqa.selenium.remote.RemoteWebDriver.startSession(RemoteWebDriver.java:227)
at org.openqa.selenium.remote.RemoteWebDriver.<init>(RemoteWebDriver.java:154)
at org.openqa.selenium.chromium.ChromiumDriver.<init>(ChromiumDriver.java:107)
at org.openqa.selenium.chrome.ChromeDriver.<init>(ChromeDriver.java:87)
at org.openqa.selenium.chrome.ChromeDriver.<init>(ChromeDriver.java:82)
at org.openqa.selenium.chrome.ChromeDriver.<init>(ChromeDriver.java:71)
at Base.Browser.launchChrome(Browser.java:17)
at TestClassPakage.TestClassForFacebookLogin.luanchbrowser(TestClassForFacebookLogin.java:42)
at java.base/jdk.internal.reflect.DirectMethodHandleAccessor.invoke(DirectMethodHandleAccessor.java:104)
at java.base/java.lang.reflect.Method.invoke(Method.java:578)
at org.testng.internal.MethodInvocationHelper.invokeMethod(MethodInvocationHelper.java:133)
at org.testng.internal.MethodInvocationHelper.invokeMethodConsideringTimeout(MethodInvocationHelper.java:62)
at org.testng.internal.ConfigInvoker.invokeConfigurationMethod(ConfigInvoker.java:385)
at org.testng.internal.ConfigInvoker.invokeConfigurations(ConfigInvoker.java:321)
at org.testng.TestRunner.invokeTestConfigurations(TestRunner.java:637)
at org.testng.TestRunner.beforeRun(TestRunner.java:627)
at org.testng.TestRunner.run(TestRunner.java:589)
at org.testng.SuiteRunner.runTest(SuiteRunner.java:377)
at org.testng.SuiteRunner.access$000(SuiteRunner.java:28)
at org.testng.SuiteRunner$SuiteWorker.run(SuiteRunner.java:418)
at org.testng.internal.thread.ThreadUtil.lambda$execute$0(ThreadUtil.java:64)
at java.base/java.util.concurrent.FutureTask.run(FutureTask.java:317)
at java.base/java.util.concurrent.ThreadPoolExecutor.runWorker(ThreadPoolExecutor.java:1144)
at java.base/java.util.concurrent.ThreadPoolExecutor$Worker.run(ThreadPoolExecutor.java:642)
at java.base/java.lang.Thread.run(Thread.java:1623)
]]>
            </full-stacktrace>
          </exception> <!-- org.openqa.selenium.SessionNotCreatedException -->
          <reporter-output>
          </reporter-output>
        </test-method> <!-- verifyLoginCredentials2 -->
        <test-method is-config="true" signature="logout(org.testng.ITestResult)[pri:0, instance:TestClassPakage.TestClassForSignUp@6aeb35e6]" started-at="2023-10-13T08:24:37 IST" name="logout" finished-at="1970-01-01T05:30:00 IST" duration-ms="-1697165677181" status="SKIP">
          <reporter-output>
          </reporter-output>
        </test-method> <!-- logout -->
        <test-method is-config="true" signature="closebrowser()[pri:0, instance:TestClassPakage.TestClassForSignUp@6aeb35e6]" started-at="2023-10-13T08:24:37 IST" name="closebrowser" finished-at="1970-01-01T05:30:00 IST" duration-ms="-1697165677183" status="SKIP">
          <reporter-output>
          </reporter-output>
        </test-method> <!-- closebrowser -->
      </class> <!-- TestClassPakage.TestClassForSignUp -->
      <class name="TestClassPakage.TestClassForFacebookLogin">
        <test-method is-config="true" signature="luanchbrowser(java.lang.String)[pri:0, instance:TestClassPakage.TestClassForFacebookLogin@130d63be]" started-at="2023-10-13T08:24:26 IST" name="luanchbrowser" finished-at="2023-10-13T08:24:37 IST" duration-ms="10809" status="FAIL">
          <params>
            <param index="0">
              <value>
                <![CDATA[Chrome]]>
              </value>
            </param>
          </params>
          <exception class="org.openqa.selenium.SessionNotCreatedException">
            <message>
              <![CDATA[Could not start a new session. Response code 500. Message: session not created: This version of ChromeDriver only supports Chrome version 116
Current browser version is 118.0.5993.70 with binary path C:\Program Files\Google\Chrome\Application\chrome.exe 
Host info: host: 'DESKTOP-55026OI', ip: '192.168.1.8'
Build info: version: '4.10.0', revision: 'c14d967899'
System info: os.name: 'Windows 10', os.arch: 'amd64', os.version: '10.0', java.version: '20.0.1'
Driver info: org.openqa.selenium.chrome.ChromeDriver
Command: [null, newSession {capabilities=[Capabilities {browserName: chrome, goog:chromeOptions: {args: [--remote-allow-origins=*, --disable-notifications], extensions: []}}]}]]]>
            </message>
            <full-stacktrace>
              <![CDATA[org.openqa.selenium.SessionNotCreatedException: Could not start a new session. Response code 500. Message: session not created: This version of ChromeDriver only supports Chrome version 116
Current browser version is 118.0.5993.70 with binary path C:\Program Files\Google\Chrome\Application\chrome.exe 
Host info: host: 'DESKTOP-55026OI', ip: '192.168.1.8'
Build info: version: '4.10.0', revision: 'c14d967899'
System info: os.name: 'Windows 10', os.arch: 'amd64', os.version: '10.0', java.version: '20.0.1'
Driver info: org.openqa.selenium.chrome.ChromeDriver
Command: [null, newSession {capabilities=[Capabilities {browserName: chrome, goog:chromeOptions: {args: [--remote-allow-origins=*, --disable-notifications], extensions: []}}]}]
at org.openqa.selenium.remote.ProtocolHandshake.createSession(ProtocolHandshake.java:140)
at org.openqa.selenium.remote.ProtocolHandshake.createSession(ProtocolHandshake.java:96)
at org.openqa.selenium.remote.ProtocolHandshake.createSession(ProtocolHandshake.java:68)
at org.openqa.selenium.remote.HttpCommandExecutor.execute(HttpCommandExecutor.java:163)
at org.openqa.selenium.remote.service.DriverCommandExecutor.invokeExecute(DriverCommandExecutor.java:196)
at org.openqa.selenium.remote.service.DriverCommandExecutor.execute(DriverCommandExecutor.java:171)
at org.openqa.selenium.remote.RemoteWebDriver.execute(RemoteWebDriver.java:531)
at org.openqa.selenium.remote.RemoteWebDriver.startSession(RemoteWebDriver.java:227)
at org.openqa.selenium.remote.RemoteWebDriver.<init>(RemoteWebDriver.java:154)
at org.openqa.selenium.chromium.ChromiumDriver.<init>(ChromiumDriver.java:107)
at org.openqa.selenium.chrome.ChromeDriver.<init>(ChromeDriver.java:87)
at org.openqa.selenium.chrome.ChromeDriver.<init>(ChromeDriver.java:82)
at org.openqa.selenium.chrome.ChromeDriver.<init>(ChromeDriver.java:71)
at Base.Browser.launchChrome(Browser.java:17)
at TestClassPakage.TestClassForFacebookLogin.luanchbrowser(TestClassForFacebookLogin.java:42)
at java.base/jdk.internal.reflect.DirectMethodHandleAccessor.invoke(DirectMethodHandleAccessor.java:104)
at java.base/java.lang.reflect.Method.invoke(Method.java:578)
at org.testng.internal.MethodInvocationHelper.invokeMethod(MethodInvocationHelper.java:133)
at org.testng.internal.MethodInvocationHelper.invokeMethodConsideringTimeout(MethodInvocationHelper.java:62)
at org.testng.internal.ConfigInvoker.invokeConfigurationMethod(ConfigInvoker.java:385)
at org.testng.internal.ConfigInvoker.invokeConfigurations(ConfigInvoker.java:321)
at org.testng.TestRunner.invokeTestConfigurations(TestRunner.java:637)
at org.testng.TestRunner.beforeRun(TestRunner.java:627)
at org.testng.TestRunner.run(TestRunner.java:589)
at org.testng.SuiteRunner.runTest(SuiteRunner.java:377)
at org.testng.SuiteRunner.access$000(SuiteRunner.java:28)
at org.testng.SuiteRunner$SuiteWorker.run(SuiteRunner.java:418)
at org.testng.internal.thread.ThreadUtil.lambda$execute$0(ThreadUtil.java:64)
at java.base/java.util.concurrent.FutureTask.run(FutureTask.java:317)
at java.base/java.util.concurrent.ThreadPoolExecutor.runWorker(ThreadPoolExecutor.java:1144)
at java.base/java.util.concurrent.ThreadPoolExecutor$Worker.run(ThreadPoolExecutor.java:642)
at java.base/java.lang.Thread.run(Thread.java:1623)
]]>
            </full-stacktrace>
          </exception> <!-- org.openqa.selenium.SessionNotCreatedException -->
          <reporter-output>
          </reporter-output>
        </test-method> <!-- luanchbrowser -->
        <test-method is-config="true" signature="createObject()[pri:0, instance:TestClassPakage.TestClassForFacebookLogin@130d63be]" started-at="2023-10-13T08:24:37 IST" name="createObject" finished-at="1970-01-01T05:30:00 IST" duration-ms="-1697165677112" status="SKIP">
          <reporter-output>
          </reporter-output>
        </test-method> <!-- createObject -->
        <test-method is-config="true" signature="openLoginPage()[pri:0, instance:TestClassPakage.TestClassForFacebookLogin@130d63be]" started-at="2023-10-13T08:24:37 IST" name="openLoginPage" finished-at="1970-01-01T05:30:00 IST" duration-ms="-1697165677122" status="SKIP">
          <reporter-output>
          </reporter-output>
        </test-method> <!-- openLoginPage -->
        <test-method signature="verifyLoginCredentials()[pri:0, instance:TestClassPakage.TestClassForFacebookLogin@130d63be]" started-at="2023-10-13T08:24:37 IST" name="verifyLoginCredentials" finished-at="2023-10-13T08:24:37 IST" duration-ms="0" status="SKIP">
          <exception class="org.openqa.selenium.SessionNotCreatedException">
            <message>
              <![CDATA[Could not start a new session. Response code 500. Message: session not created: This version of ChromeDriver only supports Chrome version 116
Current browser version is 118.0.5993.70 with binary path C:\Program Files\Google\Chrome\Application\chrome.exe 
Host info: host: 'DESKTOP-55026OI', ip: '192.168.1.8'
Build info: version: '4.10.0', revision: 'c14d967899'
System info: os.name: 'Windows 10', os.arch: 'amd64', os.version: '10.0', java.version: '20.0.1'
Driver info: org.openqa.selenium.chrome.ChromeDriver
Command: [null, newSession {capabilities=[Capabilities {browserName: chrome, goog:chromeOptions: {args: [--remote-allow-origins=*, --disable-notifications], extensions: []}}]}]]]>
            </message>
            <full-stacktrace>
              <![CDATA[org.openqa.selenium.SessionNotCreatedException: Could not start a new session. Response code 500. Message: session not created: This version of ChromeDriver only supports Chrome version 116
Current browser version is 118.0.5993.70 with binary path C:\Program Files\Google\Chrome\Application\chrome.exe 
Host info: host: 'DESKTOP-55026OI', ip: '192.168.1.8'
Build info: version: '4.10.0', revision: 'c14d967899'
System info: os.name: 'Windows 10', os.arch: 'amd64', os.version: '10.0', java.version: '20.0.1'
Driver info: org.openqa.selenium.chrome.ChromeDriver
Command: [null, newSession {capabilities=[Capabilities {browserName: chrome, goog:chromeOptions: {args: [--remote-allow-origins=*, --disable-notifications], extensions: []}}]}]
at org.openqa.selenium.remote.ProtocolHandshake.createSession(ProtocolHandshake.java:140)
at org.openqa.selenium.remote.ProtocolHandshake.createSession(ProtocolHandshake.java:96)
at org.openqa.selenium.remote.ProtocolHandshake.createSession(ProtocolHandshake.java:68)
at org.openqa.selenium.remote.HttpCommandExecutor.execute(HttpCommandExecutor.java:163)
at org.openqa.selenium.remote.service.DriverCommandExecutor.invokeExecute(DriverCommandExecutor.java:196)
at org.openqa.selenium.remote.service.DriverCommandExecutor.execute(DriverCommandExecutor.java:171)
at org.openqa.selenium.remote.RemoteWebDriver.execute(RemoteWebDriver.java:531)
at org.openqa.selenium.remote.RemoteWebDriver.startSession(RemoteWebDriver.java:227)
at org.openqa.selenium.remote.RemoteWebDriver.<init>(RemoteWebDriver.java:154)
at org.openqa.selenium.chromium.ChromiumDriver.<init>(ChromiumDriver.java:107)
at org.openqa.selenium.chrome.ChromeDriver.<init>(ChromeDriver.java:87)
at org.openqa.selenium.chrome.ChromeDriver.<init>(ChromeDriver.java:82)
at org.openqa.selenium.chrome.ChromeDriver.<init>(ChromeDriver.java:71)
at Base.Browser.launchChrome(Browser.java:17)
at TestClassPakage.TestClassForFacebookLogin.luanchbrowser(TestClassForFacebookLogin.java:42)
at java.base/jdk.internal.reflect.DirectMethodHandleAccessor.invoke(DirectMethodHandleAccessor.java:104)
at java.base/java.lang.reflect.Method.invoke(Method.java:578)
at org.testng.internal.MethodInvocationHelper.invokeMethod(MethodInvocationHelper.java:133)
at org.testng.internal.MethodInvocationHelper.invokeMethodConsideringTimeout(MethodInvocationHelper.java:62)
at org.testng.internal.ConfigInvoker.invokeConfigurationMethod(ConfigInvoker.java:385)
at org.testng.internal.ConfigInvoker.invokeConfigurations(ConfigInvoker.java:321)
at org.testng.TestRunner.invokeTestConfigurations(TestRunner.java:637)
at org.testng.TestRunner.beforeRun(TestRunner.java:627)
at org.testng.TestRunner.run(TestRunner.java:589)
at org.testng.SuiteRunner.runTest(SuiteRunner.java:377)
at org.testng.SuiteRunner.access$000(SuiteRunner.java:28)
at org.testng.SuiteRunner$SuiteWorker.run(SuiteRunner.java:418)
at org.testng.internal.thread.ThreadUtil.lambda$execute$0(ThreadUtil.java:64)
at java.base/java.util.concurrent.FutureTask.run(FutureTask.java:317)
at java.base/java.util.concurrent.ThreadPoolExecutor.runWorker(ThreadPoolExecutor.java:1144)
at java.base/java.util.concurrent.ThreadPoolExecutor$Worker.run(ThreadPoolExecutor.java:642)
at java.base/java.lang.Thread.run(Thread.java:1623)
]]>
            </full-stacktrace>
          </exception> <!-- org.openqa.selenium.SessionNotCreatedException -->
          <reporter-output>
          </reporter-output>
        </test-method> <!-- verifyLoginCredentials -->
        <test-method is-config="true" signature="logout(org.testng.ITestResult)[pri:0, instance:TestClassPakage.TestClassForFacebookLogin@130d63be]" started-at="2023-10-13T08:24:37 IST" name="logout" finished-at="1970-01-01T05:30:00 IST" duration-ms="-1697165677141" status="SKIP">
          <reporter-output>
          </reporter-output>
        </test-method> <!-- logout -->
        <test-method is-config="true" signature="closebrowser()[pri:0, instance:TestClassPakage.TestClassForFacebookLogin@130d63be]" started-at="2023-10-13T08:24:37 IST" name="closebrowser" finished-at="1970-01-01T05:30:00 IST" duration-ms="-1697165677153" status="SKIP">
          <reporter-output>
          </reporter-output>
        </test-method> <!-- closebrowser -->
      </class> <!-- TestClassPakage.TestClassForFacebookLogin -->
      <class name="TestClassPakage.TestClassForLoginPage">
        <test-method is-config="true" signature="luanchbrowser(java.lang.String)[pri:0, instance:TestClassPakage.TestClassForLoginPage@5b8dfcc1]" started-at="2023-10-13T08:24:37 IST" name="luanchbrowser" finished-at="1970-01-01T05:30:00 IST" duration-ms="-1697165677044" status="SKIP">
          <reporter-output>
          </reporter-output>
        </test-method> <!-- luanchbrowser -->
        <test-method is-config="true" signature="createObject()[pri:0, instance:TestClassPakage.TestClassForLoginPage@5b8dfcc1]" started-at="2023-10-13T08:24:37 IST" name="createObject" finished-at="1970-01-01T05:30:00 IST" duration-ms="-1697165677098" status="SKIP">
          <reporter-output>
          </reporter-output>
        </test-method> <!-- createObject -->
        <test-method is-config="true" signature="openLoginPage()[pri:0, instance:TestClassPakage.TestClassForLoginPage@5b8dfcc1]" started-at="2023-10-13T08:24:37 IST" name="openLoginPage" finished-at="1970-01-01T05:30:00 IST" duration-ms="-1697165677121" status="SKIP">
          <reporter-output>
          </reporter-output>
        </test-method> <!-- openLoginPage -->
        <test-method signature="verifyUser()[pri:0, instance:TestClassPakage.TestClassForLoginPage@5b8dfcc1]" started-at="2023-10-13T08:24:37 IST" name="verifyUser" finished-at="2023-10-13T08:24:37 IST" duration-ms="0" status="SKIP">
          <exception class="org.openqa.selenium.SessionNotCreatedException">
            <message>
              <![CDATA[Could not start a new session. Response code 500. Message: session not created: This version of ChromeDriver only supports Chrome version 116
Current browser version is 118.0.5993.70 with binary path C:\Program Files\Google\Chrome\Application\chrome.exe 
Host info: host: 'DESKTOP-55026OI', ip: '192.168.1.8'
Build info: version: '4.10.0', revision: 'c14d967899'
System info: os.name: 'Windows 10', os.arch: 'amd64', os.version: '10.0', java.version: '20.0.1'
Driver info: org.openqa.selenium.chrome.ChromeDriver
Command: [null, newSession {capabilities=[Capabilities {browserName: chrome, goog:chromeOptions: {args: [--remote-allow-origins=*, --disable-notifications], extensions: []}}]}]]]>
            </message>
            <full-stacktrace>
              <![CDATA[org.openqa.selenium.SessionNotCreatedException: Could not start a new session. Response code 500. Message: session not created: This version of ChromeDriver only supports Chrome version 116
Current browser version is 118.0.5993.70 with binary path C:\Program Files\Google\Chrome\Application\chrome.exe 
Host info: host: 'DESKTOP-55026OI', ip: '192.168.1.8'
Build info: version: '4.10.0', revision: 'c14d967899'
System info: os.name: 'Windows 10', os.arch: 'amd64', os.version: '10.0', java.version: '20.0.1'
Driver info: org.openqa.selenium.chrome.ChromeDriver
Command: [null, newSession {capabilities=[Capabilities {browserName: chrome, goog:chromeOptions: {args: [--remote-allow-origins=*, --disable-notifications], extensions: []}}]}]
at org.openqa.selenium.remote.ProtocolHandshake.createSession(ProtocolHandshake.java:140)
at org.openqa.selenium.remote.ProtocolHandshake.createSession(ProtocolHandshake.java:96)
at org.openqa.selenium.remote.ProtocolHandshake.createSession(ProtocolHandshake.java:68)
at org.openqa.selenium.remote.HttpCommandExecutor.execute(HttpCommandExecutor.java:163)
at org.openqa.selenium.remote.service.DriverCommandExecutor.invokeExecute(DriverCommandExecutor.java:196)
at org.openqa.selenium.remote.service.DriverCommandExecutor.execute(DriverCommandExecutor.java:171)
at org.openqa.selenium.remote.RemoteWebDriver.execute(RemoteWebDriver.java:531)
at org.openqa.selenium.remote.RemoteWebDriver.startSession(RemoteWebDriver.java:227)
at org.openqa.selenium.remote.RemoteWebDriver.<init>(RemoteWebDriver.java:154)
at org.openqa.selenium.chromium.ChromiumDriver.<init>(ChromiumDriver.java:107)
at org.openqa.selenium.chrome.ChromeDriver.<init>(ChromeDriver.java:87)
at org.openqa.selenium.chrome.ChromeDriver.<init>(ChromeDriver.java:82)
at org.openqa.selenium.chrome.ChromeDriver.<init>(ChromeDriver.java:71)
at Base.Browser.launchChrome(Browser.java:17)
at TestClassPakage.TestClassForFacebookLogin.luanchbrowser(TestClassForFacebookLogin.java:42)
at java.base/jdk.internal.reflect.DirectMethodHandleAccessor.invoke(DirectMethodHandleAccessor.java:104)
at java.base/java.lang.reflect.Method.invoke(Method.java:578)
at org.testng.internal.MethodInvocationHelper.invokeMethod(MethodInvocationHelper.java:133)
at org.testng.internal.MethodInvocationHelper.invokeMethodConsideringTimeout(MethodInvocationHelper.java:62)
at org.testng.internal.ConfigInvoker.invokeConfigurationMethod(ConfigInvoker.java:385)
at org.testng.internal.ConfigInvoker.invokeConfigurations(ConfigInvoker.java:321)
at org.testng.TestRunner.invokeTestConfigurations(TestRunner.java:637)
at org.testng.TestRunner.beforeRun(TestRunner.java:627)
at org.testng.TestRunner.run(TestRunner.java:589)
at org.testng.SuiteRunner.runTest(SuiteRunner.java:377)
at org.testng.SuiteRunner.access$000(SuiteRunner.java:28)
at org.testng.SuiteRunner$SuiteWorker.run(SuiteRunner.java:418)
at org.testng.internal.thread.ThreadUtil.lambda$execute$0(ThreadUtil.java:64)
at java.base/java.util.concurrent.FutureTask.run(FutureTask.java:317)
at java.base/java.util.concurrent.ThreadPoolExecutor.runWorker(ThreadPoolExecutor.java:1144)
at java.base/java.util.concurrent.ThreadPoolExecutor$Worker.run(ThreadPoolExecutor.java:642)
at java.base/java.lang.Thread.run(Thread.java:1623)
]]>
            </full-stacktrace>
          </exception> <!-- org.openqa.selenium.SessionNotCreatedException -->
          <reporter-output>
          </reporter-output>
        </test-method> <!-- verifyUser -->
        <test-method is-config="true" signature="logout(org.testng.ITestResult)[pri:0, instance:TestClassPakage.TestClassForLoginPage@5b8dfcc1]" started-at="2023-10-13T08:24:37 IST" name="logout" finished-at="1970-01-01T05:30:00 IST" duration-ms="-1697165677133" status="SKIP">
          <reporter-output>
          </reporter-output>
        </test-method> <!-- logout -->
        <test-method is-config="true" signature="closebrowser()[pri:0, instance:TestClassPakage.TestClassForLoginPage@5b8dfcc1]" started-at="2023-10-13T08:24:37 IST" name="closebrowser" finished-at="1970-01-01T05:30:00 IST" duration-ms="-1697165677144" status="SKIP">
          <reporter-output>
          </reporter-output>
        </test-method> <!-- closebrowser -->
      </class> <!-- TestClassPakage.TestClassForLoginPage -->
    </test> <!-- ChromeTest -->
    <test started-at="2023-10-13T08:24:26 IST" name="EdgeTest" finished-at="2023-10-13T08:25:46 IST" duration-ms="80214">
      <class name="TestClassPakage.TestClassForForgotPassword">
        <test-method is-config="true" signature="luanchbrowser(java.lang.String)[pri:0, instance:TestClassPakage.TestClassForForgotPassword@51399530]" started-at="2023-10-13T08:24:35 IST" name="luanchbrowser" finished-at="2023-10-13T08:24:42 IST" duration-ms="6835" status="PASS">
          <params>
            <param index="0">
              <value>
                <![CDATA[Edge]]>
              </value>
            </param>
          </params>
          <reporter-output>
          </reporter-output>
        </test-method> <!-- luanchbrowser -->
        <test-method is-config="true" signature="luanchbrowser()[pri:0, instance:TestClassPakage.TestClassForForgotPassword@51399530]" started-at="2023-10-13T08:24:55 IST" name="luanchbrowser" finished-at="2023-10-13T08:24:56 IST" duration-ms="237" status="PASS">
          <reporter-output>
          </reporter-output>
        </test-method> <!-- luanchbrowser -->
        <test-method is-config="true" signature="openLoginPage()[pri:0, instance:TestClassPakage.TestClassForForgotPassword@51399530]" started-at="2023-10-13T08:24:56 IST" name="openLoginPage" finished-at="2023-10-13T08:25:16 IST" duration-ms="20148" status="PASS">
          <reporter-output>
          </reporter-output>
        </test-method> <!-- openLoginPage -->
        <test-method signature="verifyLoginCredentials()[pri:0, instance:TestClassPakage.TestClassForForgotPassword@51399530]" started-at="2023-10-13T08:25:16 IST" name="verifyLoginCredentials" finished-at="2023-10-13T08:25:26 IST" duration-ms="10582" status="PASS">
          <reporter-output>
          </reporter-output>
        </test-method> <!-- verifyLoginCredentials -->
        <test-method is-config="true" signature="logout(org.testng.ITestResult)[pri:0, instance:TestClassPakage.TestClassForForgotPassword@51399530]" started-at="2023-10-13T08:25:26 IST" name="logout" finished-at="2023-10-13T08:25:26 IST" duration-ms="1" status="PASS">
          <params>
            <param index="0">
              <value>
                <![CDATA[[TestResult name=verifyLoginCredentials status=SUCCESS method=TestClassForForgotPassword.verifyLoginCredentials()[pri:0, instance:TestClassPakage.TestClassForForgotPassword@51399530] output={null}]]]>
              </value>
            </param>
          </params>
          <reporter-output>
          </reporter-output>
        </test-method> <!-- logout -->
        <test-method is-config="true" signature="closebrowser()[pri:0, instance:TestClassPakage.TestClassForForgotPassword@51399530]" started-at="2023-10-13T08:25:26 IST" name="closebrowser" finished-at="2023-10-13T08:25:44 IST" duration-ms="18034" status="PASS">
          <reporter-output>
          </reporter-output>
        </test-method> <!-- closebrowser -->
      </class> <!-- TestClassPakage.TestClassForForgotPassword -->
      <class name="TestClassPakage.TestClassForSignUp">
        <test-method is-config="true" signature="luanchbrowser(java.lang.String)[pri:0, instance:TestClassPakage.TestClassForSignUp@6b2ea799]" started-at="2023-10-13T08:24:48 IST" name="luanchbrowser" finished-at="2023-10-13T08:24:55 IST" duration-ms="7241" status="PASS">
          <params>
            <param index="0">
              <value>
                <![CDATA[Edge]]>
              </value>
            </param>
          </params>
          <reporter-output>
          </reporter-output>
        </test-method> <!-- luanchbrowser -->
        <test-method is-config="true" signature="luanchbrowser()[pri:0, instance:TestClassPakage.TestClassForSignUp@6b2ea799]" started-at="2023-10-13T08:24:55 IST" name="luanchbrowser" finished-at="2023-10-13T08:24:56 IST" duration-ms="232" status="PASS">
          <reporter-output>
          </reporter-output>
        </test-method> <!-- luanchbrowser -->
        <test-method is-config="true" signature="openLoginPage()[pri:0, instance:TestClassPakage.TestClassForSignUp@6b2ea799]" started-at="2023-10-13T08:24:56 IST" name="openLoginPage" finished-at="2023-10-13T08:25:11 IST" duration-ms="15731" status="PASS">
          <reporter-output>
          </reporter-output>
        </test-method> <!-- openLoginPage -->
        <test-method signature="verifyLoginCredentials()[pri:1, instance:TestClassPakage.TestClassForSignUp@6b2ea799]" started-at="2023-10-13T08:25:11 IST" name="verifyLoginCredentials" finished-at="2023-10-13T08:25:20 IST" duration-ms="8799" status="PASS">
          <reporter-output>
          </reporter-output>
        </test-method> <!-- verifyLoginCredentials -->
        <test-method is-config="true" signature="logout(org.testng.ITestResult)[pri:0, instance:TestClassPakage.TestClassForSignUp@6b2ea799]" started-at="2023-10-13T08:25:20 IST" name="logout" finished-at="2023-10-13T08:25:20 IST" duration-ms="49" status="PASS">
          <params>
            <param index="0">
              <value>
                <![CDATA[[TestResult name=verifyLoginCredentials status=SUCCESS method=TestClassForSignUp.verifyLoginCredentials()[pri:1, instance:TestClassPakage.TestClassForSignUp@6b2ea799] output={null}]]]>
              </value>
            </param>
          </params>
          <reporter-output>
          </reporter-output>
        </test-method> <!-- logout -->
        <test-method is-config="true" signature="openLoginPage()[pri:0, instance:TestClassPakage.TestClassForSignUp@6b2ea799]" started-at="2023-10-13T08:25:20 IST" name="openLoginPage" finished-at="2023-10-13T08:25:27 IST" duration-ms="6692" status="PASS">
          <reporter-output>
          </reporter-output>
        </test-method> <!-- openLoginPage -->
        <test-method signature="verifyLoginCredentials2()[pri:1, instance:TestClassPakage.TestClassForSignUp@6b2ea799]" started-at="2023-10-13T08:25:27 IST" name="verifyLoginCredentials2" finished-at="2023-10-13T08:25:42 IST" duration-ms="15207" status="PASS">
          <reporter-output>
          </reporter-output>
        </test-method> <!-- verifyLoginCredentials2 -->
        <test-method is-config="true" signature="logout(org.testng.ITestResult)[pri:0, instance:TestClassPakage.TestClassForSignUp@6b2ea799]" started-at="2023-10-13T08:25:42 IST" name="logout" finished-at="2023-10-13T08:25:42 IST" duration-ms="5" status="PASS">
          <params>
            <param index="0">
              <value>
                <![CDATA[[TestResult name=verifyLoginCredentials2 status=SUCCESS method=TestClassForSignUp.verifyLoginCredentials2()[pri:1, instance:TestClassPakage.TestClassForSignUp@6b2ea799] output={null}]]]>
              </value>
            </param>
          </params>
          <reporter-output>
          </reporter-output>
        </test-method> <!-- logout -->
        <test-method is-config="true" signature="closebrowser()[pri:0, instance:TestClassPakage.TestClassForSignUp@6b2ea799]" started-at="2023-10-13T08:25:42 IST" name="closebrowser" finished-at="2023-10-13T08:25:45 IST" duration-ms="2950" status="PASS">
          <reporter-output>
          </reporter-output>
        </test-method> <!-- closebrowser -->
      </class> <!-- TestClassPakage.TestClassForSignUp -->
      <class name="TestClassPakage.TestClassForFacebookLogin">
        <test-method is-config="true" signature="luanchbrowser(java.lang.String)[pri:0, instance:TestClassPakage.TestClassForFacebookLogin@6771beb3]" started-at="2023-10-13T08:24:26 IST" name="luanchbrowser" finished-at="2023-10-13T08:24:35 IST" duration-ms="9234" status="PASS">
          <params>
            <param index="0">
              <value>
                <![CDATA[Edge]]>
              </value>
            </param>
          </params>
          <reporter-output>
          </reporter-output>
        </test-method> <!-- luanchbrowser -->
        <test-method is-config="true" signature="createObject()[pri:0, instance:TestClassPakage.TestClassForFacebookLogin@6771beb3]" started-at="2023-10-13T08:24:55 IST" name="createObject" finished-at="2023-10-13T08:24:56 IST" duration-ms="245" status="PASS">
          <reporter-output>
          </reporter-output>
        </test-method> <!-- createObject -->
        <test-method is-config="true" signature="openLoginPage()[pri:0, instance:TestClassPakage.TestClassForFacebookLogin@6771beb3]" started-at="2023-10-13T08:24:56 IST" name="openLoginPage" finished-at="2023-10-13T08:25:38 IST" duration-ms="42168" status="PASS">
          <reporter-output>
          </reporter-output>
        </test-method> <!-- openLoginPage -->
        <test-method signature="verifyLoginCredentials()[pri:0, instance:TestClassPakage.TestClassForFacebookLogin@6771beb3]" started-at="2023-10-13T08:25:38 IST" name="verifyLoginCredentials" finished-at="2023-10-13T08:25:43 IST" duration-ms="5325" status="PASS">
          <reporter-output>
          </reporter-output>
        </test-method> <!-- verifyLoginCredentials -->
        <test-method is-config="true" signature="logout(org.testng.ITestResult)[pri:0, instance:TestClassPakage.TestClassForFacebookLogin@6771beb3]" started-at="2023-10-13T08:25:43 IST" name="logout" finished-at="2023-10-13T08:25:43 IST" duration-ms="32" status="PASS">
          <params>
            <param index="0">
              <value>
                <![CDATA[[TestResult name=verifyLoginCredentials status=SUCCESS method=TestClassForFacebookLogin.verifyLoginCredentials()[pri:0, instance:TestClassPakage.TestClassForFacebookLogin@6771beb3] output={null}]]]>
              </value>
            </param>
          </params>
          <reporter-output>
          </reporter-output>
        </test-method> <!-- logout -->
        <test-method is-config="true" signature="closebrowser()[pri:0, instance:TestClassPakage.TestClassForFacebookLogin@6771beb3]" started-at="2023-10-13T08:25:43 IST" name="closebrowser" finished-at="2023-10-13T08:25:46 IST" duration-ms="2724" status="PASS">
          <reporter-output>
          </reporter-output>
        </test-method> <!-- closebrowser -->
      </class> <!-- TestClassPakage.TestClassForFacebookLogin -->
      <class name="TestClassPakage.TestClassForLoginPage">
        <test-method is-config="true" signature="luanchbrowser(java.lang.String)[pri:0, instance:TestClassPakage.TestClassForLoginPage@5e0e82ae]" started-at="2023-10-13T08:24:42 IST" name="luanchbrowser" finished-at="2023-10-13T08:24:48 IST" duration-ms="6375" status="PASS">
          <params>
            <param index="0">
              <value>
                <![CDATA[Edge]]>
              </value>
            </param>
          </params>
          <reporter-output>
          </reporter-output>
        </test-method> <!-- luanchbrowser -->
        <test-method is-config="true" signature="createObject()[pri:0, instance:TestClassPakage.TestClassForLoginPage@5e0e82ae]" started-at="2023-10-13T08:24:55 IST" name="createObject" finished-at="2023-10-13T08:24:56 IST" duration-ms="238" status="PASS">
          <reporter-output>
          </reporter-output>
        </test-method> <!-- createObject -->
        <test-method is-config="true" signature="openLoginPage()[pri:0, instance:TestClassPakage.TestClassForLoginPage@5e0e82ae]" started-at="2023-10-13T08:24:56 IST" name="openLoginPage" finished-at="2023-10-13T08:25:04 IST" duration-ms="8038" status="PASS">
          <reporter-output>
          </reporter-output>
        </test-method> <!-- openLoginPage -->
        <test-method signature="verifyUser()[pri:0, instance:TestClassPakage.TestClassForLoginPage@5e0e82ae]" started-at="2023-10-13T08:25:04 IST" name="verifyUser" finished-at="2023-10-13T08:25:25 IST" duration-ms="21583" status="PASS">
          <reporter-output>
          </reporter-output>
        </test-method> <!-- verifyUser -->
        <test-method is-config="true" signature="logout(org.testng.ITestResult)[pri:0, instance:TestClassPakage.TestClassForLoginPage@5e0e82ae]" started-at="2023-10-13T08:25:25 IST" name="logout" finished-at="2023-10-13T08:25:25 IST" duration-ms="143" status="PASS">
          <params>
            <param index="0">
              <value>
                <![CDATA[[TestResult name=verifyUser status=SUCCESS method=TestClassForLoginPage.verifyUser()[pri:0, instance:TestClassPakage.TestClassForLoginPage@5e0e82ae] output={null}]]]>
              </value>
            </param>
          </params>
          <reporter-output>
          </reporter-output>
        </test-method> <!-- logout -->
        <test-method is-config="true" signature="closebrowser()[pri:0, instance:TestClassPakage.TestClassForLoginPage@5e0e82ae]" started-at="2023-10-13T08:25:25 IST" name="closebrowser" finished-at="2023-10-13T08:25:45 IST" duration-ms="19504" status="PASS">
          <reporter-output>
          </reporter-output>
        </test-method> <!-- closebrowser -->
      </class> <!-- TestClassPakage.TestClassForLoginPage -->
    </test> <!-- EdgeTest -->
  </suite> <!-- Suite -->
</testng-results>
