<?xml version="1.0" encoding="UTF-8"?>
<!-- Generated by org.testng.reporters.JUnitXMLReporter -->
<testsuite ignored="0" hostname="DESKTOP-55026OI" failures="0" tests="1" name="Default test" time="0.192" errors="0" timestamp="2023-10-05T14:41:01 IST">
  <testcase classname="TestClassPakage.TestClassForLoginPage" name="@BeforeTest luanchbrowser" time="-1.696497060731E9">
    <failure type="org.testng.TestNGException" message="
Parameter &amp;apos;browser&amp;apos; is required by BeforeTest on method luanchbrowser but has not been marked @Optional or defined
in C:\Users\nares\AppData\Local\Temp\testng-eclipse--1116576172\testng-customsuite.xml">
      <![CDATA[org.testng.TestNGException: 
Parameter 'browser' is required by BeforeTest on method luanchbrowser but has not been marked @Optional or defined
in C:\Users\nares\AppData\Local\Temp\testng-eclipse--1116576172\testng-customsuite.xml
at org.testng.internal.Parameters.createParams(Parameters.java:270)
at org.testng.internal.Parameters.createParametersForMethod(Parameters.java:358)
at org.testng.internal.Parameters.createParameters(Parameters.java:700)
at org.testng.internal.Parameters.createConfigurationParameters(Parameters.java:168)
at org.testng.internal.ConfigInvoker.invokeConfigurations(ConfigInvoker.java:302)
at org.testng.TestRunner.invokeTestConfigurations(TestRunner.java:637)
at org.testng.TestRunner.beforeRun(TestRunner.java:627)
at org.testng.TestRunner.run(TestRunner.java:589)
at org.testng.SuiteRunner.runTest(SuiteRunner.java:377)
at org.testng.SuiteRunner.runSequentially(SuiteRunner.java:371)
at org.testng.SuiteRunner.privateRun(SuiteRunner.java:332)
at org.testng.SuiteRunner.run(SuiteRunner.java:276)
at org.testng.SuiteRunnerWorker.runSuite(SuiteRunnerWorker.java:53)
at org.testng.SuiteRunnerWorker.run(SuiteRunnerWorker.java:96)
at org.testng.TestNG.runSuitesSequentially(TestNG.java:1212)
at org.testng.TestNG.runSuitesLocally(TestNG.java:1134)
at org.testng.TestNG.runSuites(TestNG.java:1063)
at org.testng.TestNG.run(TestNG.java:1031)
at org.testng.remote.AbstractRemoteTestNG.run(AbstractRemoteTestNG.java:115)
at org.testng.remote.RemoteTestNG.initAndRun(RemoteTestNG.java:251)
at org.testng.remote.RemoteTestNG.main(RemoteTestNG.java:77)
]]>
    </failure>
  </testcase> <!-- @BeforeTest luanchbrowser -->
  <testcase classname="TestClassPakage.TestClassForLoginPage" name="@BeforeClass createObject" time="-1.696497060807E9">
    <skipped/>
  </testcase> <!-- @BeforeClass createObject -->
  <testcase classname="TestClassPakage.TestClassForLoginPage" name="@BeforeMethod openLoginPage" time="-1.696497060864E9">
    <skipped/>
  </testcase> <!-- @BeforeMethod openLoginPage -->
  <testcase classname="TestClassPakage.TestClassForLoginPage" name="@AfterMethod logout" time="-1.69649706089E9">
    <skipped/>
  </testcase> <!-- @AfterMethod logout -->
  <testcase classname="TestClassPakage.TestClassForLoginPage" name="@AfterClass closebrowser" time="-1.696497060899E9">
    <skipped/>
  </testcase> <!-- @AfterClass closebrowser -->
  <testcase classname="TestClassPakage.TestClassForLoginPage" name="verifyUser" time="0.0">
    <skipped/>
  </testcase> <!-- verifyUser -->
</testsuite> <!-- Default test -->
