<?xml version="1.0" encoding="UTF-8"?>
<!-- Generated by org.testng.reporters.JUnitXMLReporter -->
<testsuite ignored="0" hostname="DESKTOP-55026OI" failures="0" tests="5" name="ChromeTest" time="10.984" errors="0" timestamp="2023-10-13T08:24:37 IST">
  <testcase classname="TestClassPakage.TestClassForFacebookLogin" name="@BeforeTest luanchbrowser" time="10.809">
    <failure type="org.openqa.selenium.SessionNotCreatedException" message="Could not start a new session. Response code 500. Message: session not created: This version of ChromeDriver only supports Chrome version 116
Current browser version is 118.0.5993.70 with binary path C:\Program Files\Google\Chrome\Application\chrome.exe 
Host info: host: &amp;apos;DESKTOP-55026OI&amp;apos;, ip: &amp;apos;192.168.1.8&amp;apos;
Build info: version: &amp;apos;4.10.0&amp;apos;, revision: &amp;apos;c14d967899&amp;apos;
System info: os.name: &amp;apos;Windows 10&amp;apos;, os.arch: &amp;apos;amd64&amp;apos;, os.version: &amp;apos;10.0&amp;apos;, java.version: &amp;apos;20.0.1&amp;apos;
Driver info: org.openqa.selenium.chrome.ChromeDriver
Command: [null, newSession {capabilities=[Capabilities {browserName: chrome, goog:chromeOptions: {args: [--remote-allow-origins=*, --disable-notifications], extensions: []}}]}]">
      <![CDATA[org.openqa.selenium.SessionNotCreatedException: Could not start a new session. Response code 500. Message: session not created: This version of ChromeDriver only supports Chrome version 116
Current browser version is 118.0.5993.70 with binary path C:\Program Files\Google\Chrome\Application\chrome.exe 
Host info: host: 'DESKTOP-55026OI', ip: '192.168.1.8'
Build info: version: '4.10.0', revision: 'c14d967899'
System info: os.name: 'Windows 10', os.arch: 'amd64', os.version: '10.0', java.version: '20.0.1'
Driver info: org.openqa.selenium.chrome.ChromeDriver
Command: [null, newSession {capabilities=[Capabilities {browserName: chrome, goog:chromeOptions: {args: [--remote-allow-origins=*, --disable-notifications], extensions: []}}]}]
at org.openqa.selenium.remote.ProtocolHandshake.createSession(ProtocolHandshake.java:140)
at org.openqa.selenium.remote.ProtocolHandshake.createSession(ProtocolHandshake.java:96)
at org.openqa.selenium.remote.ProtocolHandshake.createSession(ProtocolHandshake.java:68)
at org.openqa.selenium.remote.HttpCommandExecutor.execute(HttpCommandExecutor.java:163)
at org.openqa.selenium.remote.service.DriverCommandExecutor.invokeExecute(DriverCommandExecutor.java:196)
at org.openqa.selenium.remote.service.DriverCommandExecutor.execute(DriverCommandExecutor.java:171)
at org.openqa.selenium.remote.RemoteWebDriver.execute(RemoteWebDriver.java:531)
at org.openqa.selenium.remote.RemoteWebDriver.startSession(RemoteWebDriver.java:227)
at org.openqa.selenium.remote.RemoteWebDriver.<init>(RemoteWebDriver.java:154)
at org.openqa.selenium.chromium.ChromiumDriver.<init>(ChromiumDriver.java:107)
at org.openqa.selenium.chrome.ChromeDriver.<init>(ChromeDriver.java:87)
at org.openqa.selenium.chrome.ChromeDriver.<init>(ChromeDriver.java:82)
at org.openqa.selenium.chrome.ChromeDriver.<init>(ChromeDriver.java:71)
at Base.Browser.launchChrome(Browser.java:17)
at TestClassPakage.TestClassForFacebookLogin.luanchbrowser(TestClassForFacebookLogin.java:42)
at java.base/java.util.concurrent.FutureTask.run(FutureTask.java:317)
at java.base/java.util.concurrent.ThreadPoolExecutor.runWorker(ThreadPoolExecutor.java:1144)
at java.base/java.util.concurrent.ThreadPoolExecutor$Worker.run(ThreadPoolExecutor.java:642)
at java.base/java.lang.Thread.run(Thread.java:1623)
... Removed 13 stack frames]]>
    </failure>
  </testcase> <!-- @BeforeTest luanchbrowser -->
  <testcase classname="TestClassPakage.TestClassForForgotPassword" name="@BeforeTest luanchbrowser" time="-1.697165677042E9">
    <skipped/>
  </testcase> <!-- @BeforeTest luanchbrowser -->
  <testcase classname="TestClassPakage.TestClassForLoginPage" name="@BeforeTest luanchbrowser" time="-1.697165677044E9">
    <skipped/>
  </testcase> <!-- @BeforeTest luanchbrowser -->
  <testcase classname="TestClassPakage.TestClassForSignUp" name="@BeforeTest luanchbrowser" time="-1.69716567705E9">
    <skipped/>
  </testcase> <!-- @BeforeTest luanchbrowser -->
  <testcase classname="TestClassPakage.TestClassForSignUp" name="@BeforeClass luanchbrowser" time="-1.697165677098E9">
    <skipped/>
  </testcase> <!-- @BeforeClass luanchbrowser -->
  <testcase classname="TestClassPakage.TestClassForForgotPassword" name="@BeforeClass luanchbrowser" time="-1.697165677098E9">
    <skipped/>
  </testcase> <!-- @BeforeClass luanchbrowser -->
  <testcase classname="TestClassPakage.TestClassForLoginPage" name="@BeforeClass createObject" time="-1.697165677098E9">
    <skipped/>
  </testcase> <!-- @BeforeClass createObject -->
  <testcase classname="TestClassPakage.TestClassForFacebookLogin" name="@BeforeClass createObject" time="-1.697165677112E9">
    <skipped/>
  </testcase> <!-- @BeforeClass createObject -->
  <testcase classname="TestClassPakage.TestClassForSignUp" name="@BeforeMethod openLoginPage" time="-1.697165677121E9">
    <skipped/>
  </testcase> <!-- @BeforeMethod openLoginPage -->
  <testcase classname="TestClassPakage.TestClassForLoginPage" name="@BeforeMethod openLoginPage" time="-1.697165677121E9">
    <skipped/>
  </testcase> <!-- @BeforeMethod openLoginPage -->
  <testcase classname="TestClassPakage.TestClassForFacebookLogin" name="@BeforeMethod openLoginPage" time="-1.697165677122E9">
    <skipped/>
  </testcase> <!-- @BeforeMethod openLoginPage -->
  <testcase classname="TestClassPakage.TestClassForForgotPassword" name="@BeforeMethod openLoginPage" time="-1.697165677121E9">
    <skipped/>
  </testcase> <!-- @BeforeMethod openLoginPage -->
  <testcase classname="TestClassPakage.TestClassForLoginPage" name="@AfterMethod logout" time="-1.697165677133E9">
    <skipped/>
  </testcase> <!-- @AfterMethod logout -->
  <testcase classname="TestClassPakage.TestClassForLoginPage" name="@AfterClass closebrowser" time="-1.697165677144E9">
    <skipped/>
  </testcase> <!-- @AfterClass closebrowser -->
  <testcase classname="TestClassPakage.TestClassForFacebookLogin" name="@AfterMethod logout" time="-1.697165677141E9">
    <skipped/>
  </testcase> <!-- @AfterMethod logout -->
  <testcase classname="TestClassPakage.TestClassForFacebookLogin" name="@AfterClass closebrowser" time="-1.697165677153E9">
    <skipped/>
  </testcase> <!-- @AfterClass closebrowser -->
  <testcase classname="TestClassPakage.TestClassForSignUp" name="@AfterMethod logout" time="-1.697165677157E9">
    <skipped/>
  </testcase> <!-- @AfterMethod logout -->
  <testcase classname="TestClassPakage.TestClassForSignUp" name="@BeforeMethod openLoginPage" time="-1.697165677161E9">
    <skipped/>
  </testcase> <!-- @BeforeMethod openLoginPage -->
  <testcase classname="TestClassPakage.TestClassForForgotPassword" name="@AfterMethod logout" time="-1.697165677159E9">
    <skipped/>
  </testcase> <!-- @AfterMethod logout -->
  <testcase classname="TestClassPakage.TestClassForForgotPassword" name="@AfterClass closebrowser" time="-1.697165677167E9">
    <skipped/>
  </testcase> <!-- @AfterClass closebrowser -->
  <testcase classname="TestClassPakage.TestClassForSignUp" name="@AfterMethod logout" time="-1.697165677181E9">
    <skipped/>
  </testcase> <!-- @AfterMethod logout -->
  <testcase classname="TestClassPakage.TestClassForSignUp" name="@AfterClass closebrowser" time="-1.697165677183E9">
    <skipped/>
  </testcase> <!-- @AfterClass closebrowser -->
  <testcase classname="TestClassPakage.TestClassForLoginPage" name="verifyUser" time="0.0">
    <skipped/>
  </testcase> <!-- verifyUser -->
  <testcase classname="TestClassPakage.TestClassForFacebookLogin" name="verifyLoginCredentials" time="0.0">
    <skipped/>
  </testcase> <!-- verifyLoginCredentials -->
  <testcase classname="TestClassPakage.TestClassForSignUp" name="verifyLoginCredentials" time="0.0">
    <skipped/>
  </testcase> <!-- verifyLoginCredentials -->
  <testcase classname="TestClassPakage.TestClassForForgotPassword" name="verifyLoginCredentials" time="0.0">
    <skipped/>
  </testcase> <!-- verifyLoginCredentials -->
  <testcase classname="TestClassPakage.TestClassForSignUp" name="verifyLoginCredentials2" time="0.0">
    <skipped/>
  </testcase> <!-- verifyLoginCredentials2 -->
</testsuite> <!-- ChromeTest -->
