<?xml version="1.0" encoding="UTF-8"?>
<!-- Generated by org.testng.reporters.JUnitXMLReporter -->
<testsuite ignored="0" hostname="DESKTOP-55026OI" failures="0" tests="5" name="FireTest" time="12.522" errors="0" timestamp="2023-09-27T20:03:05 IST">
  <testcase classname="TestClassPakage.TestClassForForgotPassword" name="@BeforeTest luanchbrowser" time="0.008">
    <failure type="java.lang.NullPointerException" message="Cannot invoke &amp;quot;org.openqa.selenium.WebDriver.manage()&amp;quot; because &amp;quot;this.driver&amp;quot; is null">
      <![CDATA[java.lang.NullPointerException: Cannot invoke "org.openqa.selenium.WebDriver.manage()" because "this.driver" is null
at TestClassPakage.TestClassForForgotPassword.luanchbrowser(TestClassForForgotPassword.java:47)
... Removed 22 stack frames]]>
    </failure>
  </testcase> <!-- @BeforeTest luanchbrowser -->
  <testcase classname="TestClassPakage.TestClassForLoginPage" name="@BeforeTest luanchbrowser" time="-1.69582518455E9">
    <skipped/>
  </testcase> <!-- @BeforeTest luanchbrowser -->
  <testcase classname="TestClassPakage.TestClassForSignUp" name="@BeforeTest luanchbrowser" time="-1.695825184555E9">
    <skipped/>
  </testcase> <!-- @BeforeTest luanchbrowser -->
  <testcase classname="TestClassPakage.TestClassForLoginPage" name="@BeforeClass createObject" time="-1.695825184569E9">
    <skipped/>
  </testcase> <!-- @BeforeClass createObject -->
  <testcase classname="TestClassPakage.TestClassForLoginPage" name="@BeforeMethod openLoginPage" time="-1.695825184786E9">
    <skipped/>
  </testcase> <!-- @BeforeMethod openLoginPage -->
  <testcase classname="TestClassPakage.TestClassForLoginPage" name="@AfterMethod logout" time="-1.695825184825E9">
    <skipped/>
  </testcase> <!-- @AfterMethod logout -->
  <testcase classname="TestClassPakage.TestClassForLoginPage" name="@AfterClass closebrowser" time="-1.695825184848E9">
    <skipped/>
  </testcase> <!-- @AfterClass closebrowser -->
  <testcase classname="TestClassPakage.TestClassForFacebookLogin" name="@BeforeClass createObject" time="-1.695825184868E9">
    <skipped/>
  </testcase> <!-- @BeforeClass createObject -->
  <testcase classname="TestClassPakage.TestClassForFacebookLogin" name="@BeforeMethod openLoginPage" time="-1.695825184886E9">
    <skipped/>
  </testcase> <!-- @BeforeMethod openLoginPage -->
  <testcase classname="TestClassPakage.TestClassForFacebookLogin" name="@AfterMethod logout" time="-1.695825184907E9">
    <skipped/>
  </testcase> <!-- @AfterMethod logout -->
  <testcase classname="TestClassPakage.TestClassForFacebookLogin" name="@AfterClass closebrowser" time="-1.695825184918E9">
    <skipped/>
  </testcase> <!-- @AfterClass closebrowser -->
  <testcase classname="TestClassPakage.TestClassForForgotPassword" name="@BeforeClass luanchbrowser" time="-1.695825185036E9">
    <skipped/>
  </testcase> <!-- @BeforeClass luanchbrowser -->
  <testcase classname="TestClassPakage.TestClassForForgotPassword" name="@BeforeMethod openLoginPage" time="-1.695825185058E9">
    <skipped/>
  </testcase> <!-- @BeforeMethod openLoginPage -->
  <testcase classname="TestClassPakage.TestClassForForgotPassword" name="@AfterMethod logout" time="-1.695825185115E9">
    <skipped/>
  </testcase> <!-- @AfterMethod logout -->
  <testcase classname="TestClassPakage.TestClassForForgotPassword" name="@AfterClass closebrowser" time="-1.695825185137E9">
    <skipped/>
  </testcase> <!-- @AfterClass closebrowser -->
  <testcase classname="TestClassPakage.TestClassForSignUp" name="@BeforeClass luanchbrowser" time="-1.695825185148E9">
    <skipped/>
  </testcase> <!-- @BeforeClass luanchbrowser -->
  <testcase classname="TestClassPakage.TestClassForSignUp" name="@BeforeMethod openLoginPage" time="-1.695825185216E9">
    <skipped/>
  </testcase> <!-- @BeforeMethod openLoginPage -->
  <testcase classname="TestClassPakage.TestClassForSignUp" name="@AfterMethod logout" time="-1.695825185222E9">
    <skipped/>
  </testcase> <!-- @AfterMethod logout -->
  <testcase classname="TestClassPakage.TestClassForSignUp" name="@BeforeMethod openLoginPage" time="-1.695825185232E9">
    <skipped/>
  </testcase> <!-- @BeforeMethod openLoginPage -->
  <testcase classname="TestClassPakage.TestClassForSignUp" name="@AfterMethod logout" time="-1.695825185254E9">
    <skipped/>
  </testcase> <!-- @AfterMethod logout -->
  <testcase classname="TestClassPakage.TestClassForSignUp" name="@AfterClass closebrowser" time="-1.695825185268E9">
    <skipped/>
  </testcase> <!-- @AfterClass closebrowser -->
  <testcase classname="TestClassPakage.TestClassForLoginPage" name="verifyUser" time="0.0">
    <skipped/>
  </testcase> <!-- verifyUser -->
  <testcase classname="TestClassPakage.TestClassForFacebookLogin" name="verifyLoginCredentials" time="0.0">
    <skipped/>
  </testcase> <!-- verifyLoginCredentials -->
  <testcase classname="TestClassPakage.TestClassForForgotPassword" name="verifyLoginCredentials" time="0.0">
    <skipped/>
  </testcase> <!-- verifyLoginCredentials -->
  <testcase classname="TestClassPakage.TestClassForSignUp" name="verifyLoginCredentials" time="0.0">
    <skipped/>
  </testcase> <!-- verifyLoginCredentials -->
  <testcase classname="TestClassPakage.TestClassForSignUp" name="verifyLoginCredentials2" time="0.0">
    <skipped/>
  </testcase> <!-- verifyLoginCredentials2 -->
</testsuite> <!-- FireTest -->
